ERROR - 2022-07-09 00:27:47 --> Error connecting to the database: Unknown database 'ci4'
CRITICAL - 2022-07-09 00:27:47 --> Unable to connect to the database.
Main connection [MySQLi]: Unknown database 'ci4'
#0 C:\xampp\htdocs\uaskas\ci4\system\Database\BaseConnection.php(577): CodeIgniter\Database\BaseConnection->initialize()
#1 C:\xampp\htdocs\uaskas\ci4\system\Database\BaseBuilder.php(1455): CodeIgniter\Database\BaseConnection->query('SELECT *\nFROM `...', Array, false)
#2 C:\xampp\htdocs\uaskas\ci4\system\Model.php(728): CodeIgniter\Database\BaseBuilder->get()
#3 C:\xampp\htdocs\uaskas\ci4\app\Models\PelayananModel.php(13): CodeIgniter\Model->__call('get', Array)
#4 C:\xampp\htdocs\uaskas\ci4\app\Controllers\Pelayanan.php(24): App\Models\PelayananModel->getPelayanan()
#5 C:\xampp\htdocs\uaskas\ci4\system\CodeIgniter.php(832): App\Controllers\Pelayanan->index()
#6 C:\xampp\htdocs\uaskas\ci4\system\CodeIgniter.php(419): CodeIgniter\CodeIgniter->runController(Object(App\Controllers\Pelayanan))
#7 C:\xampp\htdocs\uaskas\ci4\system\CodeIgniter.php(326): CodeIgniter\CodeIgniter->handleRequest(NULL, Object(Config\Cache), false)
#8 C:\xampp\htdocs\uaskas\ci4\public\index.php(37): CodeIgniter\CodeIgniter->run()
#9 C:\xampp\htdocs\uaskas\ci4\system\Commands\Server\rewrite.php(43): require_once('C:\\xampp\\htdocs...')
#10 {main}
ERROR - 2022-07-09 00:28:01 --> Error connecting to the database: Unknown database 'ci4'
CRITICAL - 2022-07-09 00:28:01 --> Unable to connect to the database.
Main connection [MySQLi]: Unknown database 'ci4'
#0 C:\xampp\htdocs\uaskas\ci4\system\Database\BaseConnection.php(577): CodeIgniter\Database\BaseConnection->initialize()
#1 C:\xampp\htdocs\uaskas\ci4\system\Database\BaseBuilder.php(1455): CodeIgniter\Database\BaseConnection->query('SELECT *\nFROM `...', Array, false)
#2 C:\xampp\htdocs\uaskas\ci4\system\Model.php(728): CodeIgniter\Database\BaseBuilder->get()
#3 C:\xampp\htdocs\uaskas\ci4\app\Models\PelayananModel.php(13): CodeIgniter\Model->__call('get', Array)
#4 C:\xampp\htdocs\uaskas\ci4\app\Controllers\Pelayanan.php(24): App\Models\PelayananModel->getPelayanan()
#5 C:\xampp\htdocs\uaskas\ci4\system\CodeIgniter.php(832): App\Controllers\Pelayanan->index()
#6 C:\xampp\htdocs\uaskas\ci4\system\CodeIgniter.php(419): CodeIgniter\CodeIgniter->runController(Object(App\Controllers\Pelayanan))
#7 C:\xampp\htdocs\uaskas\ci4\system\CodeIgniter.php(326): CodeIgniter\CodeIgniter->handleRequest(NULL, Object(Config\Cache), false)
#8 C:\xampp\htdocs\uaskas\ci4\public\index.php(37): CodeIgniter\CodeIgniter->run()
#9 C:\xampp\htdocs\uaskas\ci4\system\Commands\Server\rewrite.php(43): require_once('C:\\xampp\\htdocs...')
#10 {main}
ERROR - 2022-07-09 00:28:08 --> Error connecting to the database: Unknown database 'ci4'
CRITICAL - 2022-07-09 00:28:08 --> Unable to connect to the database.
Main connection [MySQLi]: Unknown database 'ci4'
#0 C:\xampp\htdocs\uaskas\ci4\system\Database\BaseConnection.php(577): CodeIgniter\Database\BaseConnection->initialize()
#1 C:\xampp\htdocs\uaskas\ci4\system\Database\BaseBuilder.php(1455): CodeIgniter\Database\BaseConnection->query('SELECT MIN(`ant...', Array, false)
#2 C:\xampp\htdocs\uaskas\ci4\system\Model.php(728): CodeIgniter\Database\BaseBuilder->get()
#3 C:\xampp\htdocs\uaskas\ci4\app\Models\AntrianModel.php(55): CodeIgniter\Model->__call('get', Array)
#4 C:\xampp\htdocs\uaskas\ci4\app\Controllers\Antrianno.php(23): App\Models\AntrianModel->getAntrianno(4)
#5 C:\xampp\htdocs\uaskas\ci4\system\CodeIgniter.php(832): App\Controllers\Antrianno->index()
#6 C:\xampp\htdocs\uaskas\ci4\system\CodeIgniter.php(419): CodeIgniter\CodeIgniter->runController(Object(App\Controllers\Antrianno))
#7 C:\xampp\htdocs\uaskas\ci4\system\CodeIgniter.php(326): CodeIgniter\CodeIgniter->handleRequest(NULL, Object(Config\Cache), false)
#8 C:\xampp\htdocs\uaskas\ci4\public\index.php(37): CodeIgniter\CodeIgniter->run()
#9 C:\xampp\htdocs\uaskas\ci4\system\Commands\Server\rewrite.php(43): require_once('C:\\xampp\\htdocs...')
#10 {main}
ERROR - 2022-07-09 00:29:44 --> Error connecting to the database: Unknown database 'ci4'
CRITICAL - 2022-07-09 00:29:44 --> Unable to connect to the database.
Main connection [MySQLi]: Unknown database 'ci4'
#0 C:\xampp\htdocs\uaskas\ci4\system\Database\BaseConnection.php(577): CodeIgniter\Database\BaseConnection->initialize()
#1 C:\xampp\htdocs\uaskas\ci4\system\Database\BaseBuilder.php(1455): CodeIgniter\Database\BaseConnection->query('SELECT *\nFROM `...', Array, false)
#2 C:\xampp\htdocs\uaskas\ci4\system\Model.php(728): CodeIgniter\Database\BaseBuilder->get()
#3 C:\xampp\htdocs\uaskas\ci4\app\Models\PelayananModel.php(13): CodeIgniter\Model->__call('get', Array)
#4 C:\xampp\htdocs\uaskas\ci4\app\Controllers\Pelayanan.php(24): App\Models\PelayananModel->getPelayanan()
#5 C:\xampp\htdocs\uaskas\ci4\system\CodeIgniter.php(832): App\Controllers\Pelayanan->index()
#6 C:\xampp\htdocs\uaskas\ci4\system\CodeIgniter.php(419): CodeIgniter\CodeIgniter->runController(Object(App\Controllers\Pelayanan))
#7 C:\xampp\htdocs\uaskas\ci4\system\CodeIgniter.php(326): CodeIgniter\CodeIgniter->handleRequest(NULL, Object(Config\Cache), false)
#8 C:\xampp\htdocs\uaskas\ci4\public\index.php(37): CodeIgniter\CodeIgniter->run()
#9 C:\xampp\htdocs\uaskas\ci4\system\Commands\Server\rewrite.php(43): require_once('C:\\xampp\\htdocs...')
#10 {main}
ERROR - 2022-07-09 00:29:54 --> Error connecting to the database: Unknown database 'ci4'
CRITICAL - 2022-07-09 00:29:54 --> Unable to connect to the database.
Main connection [MySQLi]: Unknown database 'ci4'
#0 C:\xampp\htdocs\uaskas\ci4\system\Database\BaseConnection.php(577): CodeIgniter\Database\BaseConnection->initialize()
#1 C:\xampp\htdocs\uaskas\ci4\system\Database\BaseBuilder.php(1455): CodeIgniter\Database\BaseConnection->query('SELECT *\nFROM `...', Array, false)
#2 C:\xampp\htdocs\uaskas\ci4\system\Model.php(183): CodeIgniter\Database\BaseBuilder->get()
#3 C:\xampp\htdocs\uaskas\ci4\system\BaseModel.php(584): CodeIgniter\Model->doFindAll(0, 0)
#4 C:\xampp\htdocs\uaskas\ci4\app\Models\ModelsUpload.php(13): CodeIgniter\BaseModel->findAll()
#5 C:\xampp\htdocs\uaskas\ci4\app\Controllers\Upload.php(16): App\Models\ModelsUpload->getGambar()
#6 C:\xampp\htdocs\uaskas\ci4\system\CodeIgniter.php(832): App\Controllers\Upload->index()
#7 C:\xampp\htdocs\uaskas\ci4\system\CodeIgniter.php(419): CodeIgniter\CodeIgniter->runController(Object(App\Controllers\Upload))
#8 C:\xampp\htdocs\uaskas\ci4\system\CodeIgniter.php(326): CodeIgniter\CodeIgniter->handleRequest(NULL, Object(Config\Cache), false)
#9 C:\xampp\htdocs\uaskas\ci4\public\index.php(37): CodeIgniter\CodeIgniter->run()
#10 C:\xampp\htdocs\uaskas\ci4\system\Commands\Server\rewrite.php(43): require_once('C:\\xampp\\htdocs...')
#11 {main}
ERROR - 2022-07-09 00:38:14 --> Error connecting to the database: Unknown database 'ci4'
CRITICAL - 2022-07-09 00:38:14 --> Unable to connect to the database.
Main connection [MySQLi]: Unknown database 'ci4'
#0 C:\xampp\htdocs\uaskas\ci4\system\Database\BaseConnection.php(577): CodeIgniter\Database\BaseConnection->initialize()
#1 C:\xampp\htdocs\uaskas\ci4\system\Database\BaseBuilder.php(1455): CodeIgniter\Database\BaseConnection->query('SELECT *\nFROM `...', Array, false)
#2 C:\xampp\htdocs\uaskas\ci4\system\Model.php(728): CodeIgniter\Database\BaseBuilder->get()
#3 C:\xampp\htdocs\uaskas\ci4\app\Models\PelayananModel.php(13): CodeIgniter\Model->__call('get', Array)
#4 C:\xampp\htdocs\uaskas\ci4\app\Controllers\Pelayanan.php(24): App\Models\PelayananModel->getPelayanan()
#5 C:\xampp\htdocs\uaskas\ci4\system\CodeIgniter.php(832): App\Controllers\Pelayanan->index()
#6 C:\xampp\htdocs\uaskas\ci4\system\CodeIgniter.php(419): CodeIgniter\CodeIgniter->runController(Object(App\Controllers\Pelayanan))
#7 C:\xampp\htdocs\uaskas\ci4\system\CodeIgniter.php(326): CodeIgniter\CodeIgniter->handleRequest(NULL, Object(Config\Cache), false)
#8 C:\xampp\htdocs\uaskas\ci4\public\index.php(37): CodeIgniter\CodeIgniter->run()
#9 C:\xampp\htdocs\uaskas\ci4\system\Commands\Server\rewrite.php(43): require_once('C:\\xampp\\htdocs...')
#10 {main}
ERROR - 2022-07-09 00:38:38 --> Error connecting to the database: Unknown database 'ci4'
CRITICAL - 2022-07-09 00:38:38 --> Unable to connect to the database.
Main connection [MySQLi]: Unknown database 'ci4'
#0 C:\xampp\htdocs\uaskas\ci4\system\Database\BaseConnection.php(577): CodeIgniter\Database\BaseConnection->initialize()
#1 C:\xampp\htdocs\uaskas\ci4\system\Database\BaseBuilder.php(1455): CodeIgniter\Database\BaseConnection->query('SELECT *\nFROM `...', Array, false)
#2 C:\xampp\htdocs\uaskas\ci4\system\Model.php(728): CodeIgniter\Database\BaseBuilder->get()
#3 C:\xampp\htdocs\uaskas\ci4\app\Models\PelayananModel.php(13): CodeIgniter\Model->__call('get', Array)
#4 C:\xampp\htdocs\uaskas\ci4\app\Controllers\Pelayanan.php(24): App\Models\PelayananModel->getPelayanan()
#5 C:\xampp\htdocs\uaskas\ci4\system\CodeIgniter.php(832): App\Controllers\Pelayanan->index()
#6 C:\xampp\htdocs\uaskas\ci4\system\CodeIgniter.php(419): CodeIgniter\CodeIgniter->runController(Object(App\Controllers\Pelayanan))
#7 C:\xampp\htdocs\uaskas\ci4\system\CodeIgniter.php(326): CodeIgniter\CodeIgniter->handleRequest(NULL, Object(Config\Cache), false)
#8 C:\xampp\htdocs\uaskas\ci4\public\index.php(37): CodeIgniter\CodeIgniter->run()
#9 C:\xampp\htdocs\uaskas\ci4\system\Commands\Server\rewrite.php(43): require_once('C:\\xampp\\htdocs...')
#10 {main}
ERROR - 2022-07-09 00:45:06 --> Error connecting to the database: Unknown database 'ci4'
CRITICAL - 2022-07-09 00:45:06 --> Unable to connect to the database.
Main connection [MySQLi]: Unknown database 'ci4'
#0 C:\xampp\htdocs\uaskas\ci4\system\Database\BaseConnection.php(577): CodeIgniter\Database\BaseConnection->initialize()
#1 C:\xampp\htdocs\uaskas\ci4\system\Database\BaseBuilder.php(1455): CodeIgniter\Database\BaseConnection->query('SELECT MIN(`ant...', Array, false)
#2 C:\xampp\htdocs\uaskas\ci4\system\Model.php(728): CodeIgniter\Database\BaseBuilder->get()
#3 C:\xampp\htdocs\uaskas\ci4\app\Models\AntrianModel.php(55): CodeIgniter\Model->__call('get', Array)
#4 C:\xampp\htdocs\uaskas\ci4\app\Controllers\Antrianno.php(23): App\Models\AntrianModel->getAntrianno(4)
#5 C:\xampp\htdocs\uaskas\ci4\system\CodeIgniter.php(832): App\Controllers\Antrianno->index()
#6 C:\xampp\htdocs\uaskas\ci4\system\CodeIgniter.php(419): CodeIgniter\CodeIgniter->runController(Object(App\Controllers\Antrianno))
#7 C:\xampp\htdocs\uaskas\ci4\system\CodeIgniter.php(326): CodeIgniter\CodeIgniter->handleRequest(NULL, Object(Config\Cache), false)
#8 C:\xampp\htdocs\uaskas\ci4\public\index.php(37): CodeIgniter\CodeIgniter->run()
#9 C:\xampp\htdocs\uaskas\ci4\system\Commands\Server\rewrite.php(43): require_once('C:\\xampp\\htdocs...')
#10 {main}
ERROR - 2022-07-09 00:45:14 --> Error connecting to the database: Unknown database 'ci4'
CRITICAL - 2022-07-09 00:45:14 --> Unable to connect to the database.
Main connection [MySQLi]: Unknown database 'ci4'
#0 C:\xampp\htdocs\uaskas\ci4\system\Database\BaseConnection.php(577): CodeIgniter\Database\BaseConnection->initialize()
#1 C:\xampp\htdocs\uaskas\ci4\system\Database\BaseBuilder.php(1455): CodeIgniter\Database\BaseConnection->query('SELECT *\nFROM `...', Array, false)
#2 C:\xampp\htdocs\uaskas\ci4\system\Model.php(728): CodeIgniter\Database\BaseBuilder->get()
#3 C:\xampp\htdocs\uaskas\ci4\app\Models\PelayananModel.php(13): CodeIgniter\Model->__call('get', Array)
#4 C:\xampp\htdocs\uaskas\ci4\app\Controllers\Pelayanan.php(24): App\Models\PelayananModel->getPelayanan()
#5 C:\xampp\htdocs\uaskas\ci4\system\CodeIgniter.php(832): App\Controllers\Pelayanan->index()
#6 C:\xampp\htdocs\uaskas\ci4\system\CodeIgniter.php(419): CodeIgniter\CodeIgniter->runController(Object(App\Controllers\Pelayanan))
#7 C:\xampp\htdocs\uaskas\ci4\system\CodeIgniter.php(326): CodeIgniter\CodeIgniter->handleRequest(NULL, Object(Config\Cache), false)
#8 C:\xampp\htdocs\uaskas\ci4\public\index.php(37): CodeIgniter\CodeIgniter->run()
#9 C:\xampp\htdocs\uaskas\ci4\system\Commands\Server\rewrite.php(43): require_once('C:\\xampp\\htdocs...')
#10 {main}
ERROR - 2022-07-09 00:45:18 --> Error connecting to the database: Unknown database 'ci4'
CRITICAL - 2022-07-09 00:45:18 --> Unable to connect to the database.
Main connection [MySQLi]: Unknown database 'ci4'
#0 C:\xampp\htdocs\uaskas\ci4\system\Database\BaseConnection.php(577): CodeIgniter\Database\BaseConnection->initialize()
#1 C:\xampp\htdocs\uaskas\ci4\system\Database\BaseBuilder.php(1455): CodeIgniter\Database\BaseConnection->query('SELECT *\nFROM `...', Array, false)
#2 C:\xampp\htdocs\uaskas\ci4\system\Model.php(183): CodeIgniter\Database\BaseBuilder->get()
#3 C:\xampp\htdocs\uaskas\ci4\system\BaseModel.php(584): CodeIgniter\Model->doFindAll(0, 0)
#4 C:\xampp\htdocs\uaskas\ci4\app\Models\ModelsUpload.php(13): CodeIgniter\BaseModel->findAll()
#5 C:\xampp\htdocs\uaskas\ci4\app\Controllers\Upload.php(16): App\Models\ModelsUpload->getGambar()
#6 C:\xampp\htdocs\uaskas\ci4\system\CodeIgniter.php(832): App\Controllers\Upload->index()
#7 C:\xampp\htdocs\uaskas\ci4\system\CodeIgniter.php(419): CodeIgniter\CodeIgniter->runController(Object(App\Controllers\Upload))
#8 C:\xampp\htdocs\uaskas\ci4\system\CodeIgniter.php(326): CodeIgniter\CodeIgniter->handleRequest(NULL, Object(Config\Cache), false)
#9 C:\xampp\htdocs\uaskas\ci4\public\index.php(37): CodeIgniter\CodeIgniter->run()
#10 C:\xampp\htdocs\uaskas\ci4\system\Commands\Server\rewrite.php(43): require_once('C:\\xampp\\htdocs...')
#11 {main}
ERROR - 2022-07-09 00:49:33 --> Error connecting to the database: Unknown database 'ci4'
CRITICAL - 2022-07-09 00:49:33 --> Unable to connect to the database.
Main connection [MySQLi]: Unknown database 'ci4'
#0 C:\xampp\htdocs\uaskas\ci4\system\Database\BaseConnection.php(577): CodeIgniter\Database\BaseConnection->initialize()
#1 C:\xampp\htdocs\uaskas\ci4\system\Database\BaseBuilder.php(1455): CodeIgniter\Database\BaseConnection->query('SELECT *\nFROM `...', Array, false)
#2 C:\xampp\htdocs\uaskas\ci4\system\Model.php(183): CodeIgniter\Database\BaseBuilder->get()
#3 C:\xampp\htdocs\uaskas\ci4\system\BaseModel.php(584): CodeIgniter\Model->doFindAll(0, 0)
#4 C:\xampp\htdocs\uaskas\ci4\app\Models\ModelsUpload.php(13): CodeIgniter\BaseModel->findAll()
#5 C:\xampp\htdocs\uaskas\ci4\app\Controllers\Upload.php(16): App\Models\ModelsUpload->getGambar()
#6 C:\xampp\htdocs\uaskas\ci4\system\CodeIgniter.php(832): App\Controllers\Upload->index()
#7 C:\xampp\htdocs\uaskas\ci4\system\CodeIgniter.php(419): CodeIgniter\CodeIgniter->runController(Object(App\Controllers\Upload))
#8 C:\xampp\htdocs\uaskas\ci4\system\CodeIgniter.php(326): CodeIgniter\CodeIgniter->handleRequest(NULL, Object(Config\Cache), false)
#9 C:\xampp\htdocs\uaskas\ci4\public\index.php(37): CodeIgniter\CodeIgniter->run()
#10 C:\xampp\htdocs\uaskas\ci4\system\Commands\Server\rewrite.php(43): require_once('C:\\xampp\\htdocs...')
#11 {main}
ERROR - 2022-07-09 00:49:40 --> Error connecting to the database: Unknown database 'ci4'
CRITICAL - 2022-07-09 00:49:40 --> Unable to connect to the database.
Main connection [MySQLi]: Unknown database 'ci4'
#0 C:\xampp\htdocs\uaskas\ci4\system\Database\BaseConnection.php(577): CodeIgniter\Database\BaseConnection->initialize()
#1 C:\xampp\htdocs\uaskas\ci4\system\Database\BaseBuilder.php(1455): CodeIgniter\Database\BaseConnection->query('SELECT MIN(`ant...', Array, false)
#2 C:\xampp\htdocs\uaskas\ci4\system\Model.php(728): CodeIgniter\Database\BaseBuilder->get()
#3 C:\xampp\htdocs\uaskas\ci4\app\Models\AntrianModel.php(55): CodeIgniter\Model->__call('get', Array)
#4 C:\xampp\htdocs\uaskas\ci4\app\Controllers\Antrianno.php(23): App\Models\AntrianModel->getAntrianno(4)
#5 C:\xampp\htdocs\uaskas\ci4\system\CodeIgniter.php(832): App\Controllers\Antrianno->index()
#6 C:\xampp\htdocs\uaskas\ci4\system\CodeIgniter.php(419): CodeIgniter\CodeIgniter->runController(Object(App\Controllers\Antrianno))
#7 C:\xampp\htdocs\uaskas\ci4\system\CodeIgniter.php(326): CodeIgniter\CodeIgniter->handleRequest(NULL, Object(Config\Cache), false)
#8 C:\xampp\htdocs\uaskas\ci4\public\index.php(37): CodeIgniter\CodeIgniter->run()
#9 C:\xampp\htdocs\uaskas\ci4\system\Commands\Server\rewrite.php(43): require_once('C:\\xampp\\htdocs...')
#10 {main}
ERROR - 2022-07-09 00:49:45 --> Error connecting to the database: Unknown database 'ci4'
CRITICAL - 2022-07-09 00:49:45 --> Unable to connect to the database.
Main connection [MySQLi]: Unknown database 'ci4'
#0 C:\xampp\htdocs\uaskas\ci4\system\Database\BaseConnection.php(577): CodeIgniter\Database\BaseConnection->initialize()
#1 C:\xampp\htdocs\uaskas\ci4\system\Database\BaseBuilder.php(1455): CodeIgniter\Database\BaseConnection->query('SELECT *\nFROM `...', Array, false)
#2 C:\xampp\htdocs\uaskas\ci4\system\Model.php(728): CodeIgniter\Database\BaseBuilder->get()
#3 C:\xampp\htdocs\uaskas\ci4\app\Models\PelayananModel.php(13): CodeIgniter\Model->__call('get', Array)
#4 C:\xampp\htdocs\uaskas\ci4\app\Controllers\Pelayanan.php(24): App\Models\PelayananModel->getPelayanan()
#5 C:\xampp\htdocs\uaskas\ci4\system\CodeIgniter.php(832): App\Controllers\Pelayanan->index()
#6 C:\xampp\htdocs\uaskas\ci4\system\CodeIgniter.php(419): CodeIgniter\CodeIgniter->runController(Object(App\Controllers\Pelayanan))
#7 C:\xampp\htdocs\uaskas\ci4\system\CodeIgniter.php(326): CodeIgniter\CodeIgniter->handleRequest(NULL, Object(Config\Cache), false)
#8 C:\xampp\htdocs\uaskas\ci4\public\index.php(37): CodeIgniter\CodeIgniter->run()
#9 C:\xampp\htdocs\uaskas\ci4\system\Commands\Server\rewrite.php(43): require_once('C:\\xampp\\htdocs...')
#10 {main}
ERROR - 2022-07-09 00:49:49 --> Error connecting to the database: Unknown database 'ci4'
CRITICAL - 2022-07-09 00:49:49 --> Unable to connect to the database.
Main connection [MySQLi]: Unknown database 'ci4'
#0 C:\xampp\htdocs\uaskas\ci4\system\Database\BaseConnection.php(577): CodeIgniter\Database\BaseConnection->initialize()
#1 C:\xampp\htdocs\uaskas\ci4\system\Database\BaseBuilder.php(1455): CodeIgniter\Database\BaseConnection->query('SELECT *\nFROM `...', Array, false)
#2 C:\xampp\htdocs\uaskas\ci4\system\Model.php(183): CodeIgniter\Database\BaseBuilder->get()
#3 C:\xampp\htdocs\uaskas\ci4\system\BaseModel.php(584): CodeIgniter\Model->doFindAll(0, 0)
#4 C:\xampp\htdocs\uaskas\ci4\app\Models\ModelsUpload.php(13): CodeIgniter\BaseModel->findAll()
#5 C:\xampp\htdocs\uaskas\ci4\app\Controllers\Upload.php(16): App\Models\ModelsUpload->getGambar()
#6 C:\xampp\htdocs\uaskas\ci4\system\CodeIgniter.php(832): App\Controllers\Upload->index()
#7 C:\xampp\htdocs\uaskas\ci4\system\CodeIgniter.php(419): CodeIgniter\CodeIgniter->runController(Object(App\Controllers\Upload))
#8 C:\xampp\htdocs\uaskas\ci4\system\CodeIgniter.php(326): CodeIgniter\CodeIgniter->handleRequest(NULL, Object(Config\Cache), false)
#9 C:\xampp\htdocs\uaskas\ci4\public\index.php(37): CodeIgniter\CodeIgniter->run()
#10 C:\xampp\htdocs\uaskas\ci4\system\Commands\Server\rewrite.php(43): require_once('C:\\xampp\\htdocs...')
#11 {main}
ERROR - 2022-07-09 00:50:48 --> Error connecting to the database: Unknown database 'ci4'
CRITICAL - 2022-07-09 00:50:48 --> Unable to connect to the database.
Main connection [MySQLi]: Unknown database 'ci4'
#0 C:\xampp\htdocs\uaskas\ci4\system\Database\BaseConnection.php(577): CodeIgniter\Database\BaseConnection->initialize()
#1 C:\xampp\htdocs\uaskas\ci4\system\Database\BaseBuilder.php(1455): CodeIgniter\Database\BaseConnection->query('SELECT *\nFROM `...', Array, false)
#2 C:\xampp\htdocs\uaskas\ci4\system\Model.php(728): CodeIgniter\Database\BaseBuilder->get()
#3 C:\xampp\htdocs\uaskas\ci4\app\Models\PelayananModel.php(13): CodeIgniter\Model->__call('get', Array)
#4 C:\xampp\htdocs\uaskas\ci4\app\Controllers\Pelayanan.php(24): App\Models\PelayananModel->getPelayanan()
#5 C:\xampp\htdocs\uaskas\ci4\system\CodeIgniter.php(832): App\Controllers\Pelayanan->index()
#6 C:\xampp\htdocs\uaskas\ci4\system\CodeIgniter.php(419): CodeIgniter\CodeIgniter->runController(Object(App\Controllers\Pelayanan))
#7 C:\xampp\htdocs\uaskas\ci4\system\CodeIgniter.php(326): CodeIgniter\CodeIgniter->handleRequest(NULL, Object(Config\Cache), false)
#8 C:\xampp\htdocs\uaskas\ci4\public\index.php(37): CodeIgniter\CodeIgniter->run()
#9 C:\xampp\htdocs\uaskas\ci4\system\Commands\Server\rewrite.php(43): require_once('C:\\xampp\\htdocs...')
#10 {main}
ERROR - 2022-07-09 00:51:29 --> Error connecting to the database: Unknown database 'ci4'
CRITICAL - 2022-07-09 00:51:29 --> Unable to connect to the database.
Main connection [MySQLi]: Unknown database 'ci4'
#0 C:\xampp\htdocs\uaskas\ci4\system\Database\BaseConnection.php(577): CodeIgniter\Database\BaseConnection->initialize()
#1 C:\xampp\htdocs\uaskas\ci4\system\Database\BaseBuilder.php(1455): CodeIgniter\Database\BaseConnection->query('SELECT *\nFROM `...', Array, false)
#2 C:\xampp\htdocs\uaskas\ci4\system\Model.php(728): CodeIgniter\Database\BaseBuilder->get()
#3 C:\xampp\htdocs\uaskas\ci4\app\Models\PelayananModel.php(13): CodeIgniter\Model->__call('get', Array)
#4 C:\xampp\htdocs\uaskas\ci4\app\Controllers\Pelayanan.php(24): App\Models\PelayananModel->getPelayanan()
#5 C:\xampp\htdocs\uaskas\ci4\system\CodeIgniter.php(832): App\Controllers\Pelayanan->index()
#6 C:\xampp\htdocs\uaskas\ci4\system\CodeIgniter.php(419): CodeIgniter\CodeIgniter->runController(Object(App\Controllers\Pelayanan))
#7 C:\xampp\htdocs\uaskas\ci4\system\CodeIgniter.php(326): CodeIgniter\CodeIgniter->handleRequest(NULL, Object(Config\Cache), false)
#8 C:\xampp\htdocs\uaskas\ci4\public\index.php(37): CodeIgniter\CodeIgniter->run()
#9 C:\xampp\htdocs\uaskas\ci4\system\Commands\Server\rewrite.php(43): require_once('C:\\xampp\\htdocs...')
#10 {main}
ERROR - 2022-07-09 00:51:58 --> Error connecting to the database: Unknown database 'ci4'
CRITICAL - 2022-07-09 00:51:58 --> Unable to connect to the database.
Main connection [MySQLi]: Unknown database 'ci4'
#0 C:\xampp\htdocs\uaskas\ci4\system\Database\BaseConnection.php(577): CodeIgniter\Database\BaseConnection->initialize()
#1 C:\xampp\htdocs\uaskas\ci4\system\Database\BaseBuilder.php(1455): CodeIgniter\Database\BaseConnection->query('SELECT *\nFROM `...', Array, false)
#2 C:\xampp\htdocs\uaskas\ci4\system\Model.php(728): CodeIgniter\Database\BaseBuilder->get()
#3 C:\xampp\htdocs\uaskas\ci4\app\Models\PelayananModel.php(13): CodeIgniter\Model->__call('get', Array)
#4 C:\xampp\htdocs\uaskas\ci4\app\Controllers\Pelayanan.php(24): App\Models\PelayananModel->getPelayanan()
#5 C:\xampp\htdocs\uaskas\ci4\system\CodeIgniter.php(832): App\Controllers\Pelayanan->index()
#6 C:\xampp\htdocs\uaskas\ci4\system\CodeIgniter.php(419): CodeIgniter\CodeIgniter->runController(Object(App\Controllers\Pelayanan))
#7 C:\xampp\htdocs\uaskas\ci4\system\CodeIgniter.php(326): CodeIgniter\CodeIgniter->handleRequest(NULL, Object(Config\Cache), false)
#8 C:\xampp\htdocs\uaskas\ci4\public\index.php(37): CodeIgniter\CodeIgniter->run()
#9 C:\xampp\htdocs\uaskas\ci4\system\Commands\Server\rewrite.php(43): require_once('C:\\xampp\\htdocs...')
#10 {main}
ERROR - 2022-07-09 00:52:02 --> Error connecting to the database: Unknown database 'ci4'
CRITICAL - 2022-07-09 00:52:02 --> Unable to connect to the database.
Main connection [MySQLi]: Unknown database 'ci4'
#0 C:\xampp\htdocs\uaskas\ci4\system\Database\BaseConnection.php(577): CodeIgniter\Database\BaseConnection->initialize()
#1 C:\xampp\htdocs\uaskas\ci4\system\Database\BaseBuilder.php(1455): CodeIgniter\Database\BaseConnection->query('SELECT *\nFROM `...', Array, false)
#2 C:\xampp\htdocs\uaskas\ci4\system\Model.php(183): CodeIgniter\Database\BaseBuilder->get()
#3 C:\xampp\htdocs\uaskas\ci4\system\BaseModel.php(584): CodeIgniter\Model->doFindAll(0, 0)
#4 C:\xampp\htdocs\uaskas\ci4\app\Models\ModelsUpload.php(13): CodeIgniter\BaseModel->findAll()
#5 C:\xampp\htdocs\uaskas\ci4\app\Controllers\Upload.php(16): App\Models\ModelsUpload->getGambar()
#6 C:\xampp\htdocs\uaskas\ci4\system\CodeIgniter.php(832): App\Controllers\Upload->index()
#7 C:\xampp\htdocs\uaskas\ci4\system\CodeIgniter.php(419): CodeIgniter\CodeIgniter->runController(Object(App\Controllers\Upload))
#8 C:\xampp\htdocs\uaskas\ci4\system\CodeIgniter.php(326): CodeIgniter\CodeIgniter->handleRequest(NULL, Object(Config\Cache), false)
#9 C:\xampp\htdocs\uaskas\ci4\public\index.php(37): CodeIgniter\CodeIgniter->run()
#10 C:\xampp\htdocs\uaskas\ci4\system\Commands\Server\rewrite.php(43): require_once('C:\\xampp\\htdocs...')
#11 {main}
ERROR - 2022-07-09 00:52:05 --> Error connecting to the database: Unknown database 'ci4'
CRITICAL - 2022-07-09 00:52:05 --> Unable to connect to the database.
Main connection [MySQLi]: Unknown database 'ci4'
#0 C:\xampp\htdocs\uaskas\ci4\system\Database\BaseConnection.php(577): CodeIgniter\Database\BaseConnection->initialize()
#1 C:\xampp\htdocs\uaskas\ci4\system\Database\BaseBuilder.php(1455): CodeIgniter\Database\BaseConnection->query('SELECT *\nFROM `...', Array, false)
#2 C:\xampp\htdocs\uaskas\ci4\system\Model.php(183): CodeIgniter\Database\BaseBuilder->get()
#3 C:\xampp\htdocs\uaskas\ci4\system\BaseModel.php(584): CodeIgniter\Model->doFindAll(0, 0)
#4 C:\xampp\htdocs\uaskas\ci4\app\Models\ModelsUpload.php(13): CodeIgniter\BaseModel->findAll()
#5 C:\xampp\htdocs\uaskas\ci4\app\Controllers\Upload.php(16): App\Models\ModelsUpload->getGambar()
#6 C:\xampp\htdocs\uaskas\ci4\system\CodeIgniter.php(832): App\Controllers\Upload->index()
#7 C:\xampp\htdocs\uaskas\ci4\system\CodeIgniter.php(419): CodeIgniter\CodeIgniter->runController(Object(App\Controllers\Upload))
#8 C:\xampp\htdocs\uaskas\ci4\system\CodeIgniter.php(326): CodeIgniter\CodeIgniter->handleRequest(NULL, Object(Config\Cache), false)
#9 C:\xampp\htdocs\uaskas\ci4\public\index.php(37): CodeIgniter\CodeIgniter->run()
#10 C:\xampp\htdocs\uaskas\ci4\system\Commands\Server\rewrite.php(43): require_once('C:\\xampp\\htdocs...')
#11 {main}
ERROR - 2022-07-09 00:52:11 --> Error connecting to the database: Unknown database 'ci4'
CRITICAL - 2022-07-09 00:52:11 --> Unable to connect to the database.
Main connection [MySQLi]: Unknown database 'ci4'
#0 C:\xampp\htdocs\uaskas\ci4\system\Database\BaseConnection.php(577): CodeIgniter\Database\BaseConnection->initialize()
#1 C:\xampp\htdocs\uaskas\ci4\system\Database\BaseBuilder.php(1455): CodeIgniter\Database\BaseConnection->query('SELECT MIN(`ant...', Array, false)
#2 C:\xampp\htdocs\uaskas\ci4\system\Model.php(728): CodeIgniter\Database\BaseBuilder->get()
#3 C:\xampp\htdocs\uaskas\ci4\app\Models\AntrianModel.php(55): CodeIgniter\Model->__call('get', Array)
#4 C:\xampp\htdocs\uaskas\ci4\app\Controllers\Antrianno.php(23): App\Models\AntrianModel->getAntrianno(4)
#5 C:\xampp\htdocs\uaskas\ci4\system\CodeIgniter.php(832): App\Controllers\Antrianno->index()
#6 C:\xampp\htdocs\uaskas\ci4\system\CodeIgniter.php(419): CodeIgniter\CodeIgniter->runController(Object(App\Controllers\Antrianno))
#7 C:\xampp\htdocs\uaskas\ci4\system\CodeIgniter.php(326): CodeIgniter\CodeIgniter->handleRequest(NULL, Object(Config\Cache), false)
#8 C:\xampp\htdocs\uaskas\ci4\public\index.php(37): CodeIgniter\CodeIgniter->run()
#9 C:\xampp\htdocs\uaskas\ci4\system\Commands\Server\rewrite.php(43): require_once('C:\\xampp\\htdocs...')
#10 {main}
ERROR - 2022-07-09 00:52:15 --> Error connecting to the database: Unknown database 'ci4'
CRITICAL - 2022-07-09 00:52:15 --> Unable to connect to the database.
Main connection [MySQLi]: Unknown database 'ci4'
#0 C:\xampp\htdocs\uaskas\ci4\system\Database\BaseConnection.php(577): CodeIgniter\Database\BaseConnection->initialize()
#1 C:\xampp\htdocs\uaskas\ci4\system\Database\BaseBuilder.php(1455): CodeIgniter\Database\BaseConnection->query('SELECT *\nFROM `...', Array, false)
#2 C:\xampp\htdocs\uaskas\ci4\system\Model.php(728): CodeIgniter\Database\BaseBuilder->get()
#3 C:\xampp\htdocs\uaskas\ci4\app\Models\PelayananModel.php(13): CodeIgniter\Model->__call('get', Array)
#4 C:\xampp\htdocs\uaskas\ci4\app\Controllers\Pelayanan.php(24): App\Models\PelayananModel->getPelayanan()
#5 C:\xampp\htdocs\uaskas\ci4\system\CodeIgniter.php(832): App\Controllers\Pelayanan->index()
#6 C:\xampp\htdocs\uaskas\ci4\system\CodeIgniter.php(419): CodeIgniter\CodeIgniter->runController(Object(App\Controllers\Pelayanan))
#7 C:\xampp\htdocs\uaskas\ci4\system\CodeIgniter.php(326): CodeIgniter\CodeIgniter->handleRequest(NULL, Object(Config\Cache), false)
#8 C:\xampp\htdocs\uaskas\ci4\public\index.php(37): CodeIgniter\CodeIgniter->run()
#9 C:\xampp\htdocs\uaskas\ci4\system\Commands\Server\rewrite.php(43): require_once('C:\\xampp\\htdocs...')
#10 {main}
ERROR - 2022-07-09 00:53:46 --> Error connecting to the database: Unknown database 'ci4'
CRITICAL - 2022-07-09 00:53:46 --> Unable to connect to the database.
Main connection [MySQLi]: Unknown database 'ci4'
#0 C:\xampp\htdocs\uaskas\ci4\system\Database\BaseConnection.php(577): CodeIgniter\Database\BaseConnection->initialize()
#1 C:\xampp\htdocs\uaskas\ci4\system\Database\BaseBuilder.php(1455): CodeIgniter\Database\BaseConnection->query('SELECT *\nFROM `...', Array, false)
#2 C:\xampp\htdocs\uaskas\ci4\system\Model.php(728): CodeIgniter\Database\BaseBuilder->get()
#3 C:\xampp\htdocs\uaskas\ci4\app\Models\PelayananModel.php(13): CodeIgniter\Model->__call('get', Array)
#4 C:\xampp\htdocs\uaskas\ci4\app\Controllers\Pelayanan.php(24): App\Models\PelayananModel->getPelayanan()
#5 C:\xampp\htdocs\uaskas\ci4\system\CodeIgniter.php(832): App\Controllers\Pelayanan->index()
#6 C:\xampp\htdocs\uaskas\ci4\system\CodeIgniter.php(419): CodeIgniter\CodeIgniter->runController(Object(App\Controllers\Pelayanan))
#7 C:\xampp\htdocs\uaskas\ci4\system\CodeIgniter.php(326): CodeIgniter\CodeIgniter->handleRequest(NULL, Object(Config\Cache), false)
#8 C:\xampp\htdocs\uaskas\ci4\public\index.php(37): CodeIgniter\CodeIgniter->run()
#9 C:\xampp\htdocs\uaskas\ci4\system\Commands\Server\rewrite.php(43): require_once('C:\\xampp\\htdocs...')
#10 {main}
ERROR - 2022-07-09 00:53:50 --> Error connecting to the database: Unknown database 'ci4'
CRITICAL - 2022-07-09 00:53:50 --> Unable to connect to the database.
Main connection [MySQLi]: Unknown database 'ci4'
#0 C:\xampp\htdocs\uaskas\ci4\system\Database\BaseConnection.php(577): CodeIgniter\Database\BaseConnection->initialize()
#1 C:\xampp\htdocs\uaskas\ci4\system\Database\BaseBuilder.php(1455): CodeIgniter\Database\BaseConnection->query('SELECT *\nFROM `...', Array, false)
#2 C:\xampp\htdocs\uaskas\ci4\system\Model.php(183): CodeIgniter\Database\BaseBuilder->get()
#3 C:\xampp\htdocs\uaskas\ci4\system\BaseModel.php(584): CodeIgniter\Model->doFindAll(0, 0)
#4 C:\xampp\htdocs\uaskas\ci4\app\Models\ModelsUpload.php(13): CodeIgniter\BaseModel->findAll()
#5 C:\xampp\htdocs\uaskas\ci4\app\Controllers\Upload.php(16): App\Models\ModelsUpload->getGambar()
#6 C:\xampp\htdocs\uaskas\ci4\system\CodeIgniter.php(832): App\Controllers\Upload->index()
#7 C:\xampp\htdocs\uaskas\ci4\system\CodeIgniter.php(419): CodeIgniter\CodeIgniter->runController(Object(App\Controllers\Upload))
#8 C:\xampp\htdocs\uaskas\ci4\system\CodeIgniter.php(326): CodeIgniter\CodeIgniter->handleRequest(NULL, Object(Config\Cache), false)
#9 C:\xampp\htdocs\uaskas\ci4\public\index.php(37): CodeIgniter\CodeIgniter->run()
#10 C:\xampp\htdocs\uaskas\ci4\system\Commands\Server\rewrite.php(43): require_once('C:\\xampp\\htdocs...')
#11 {main}
ERROR - 2022-07-09 00:53:57 --> Error connecting to the database: Unknown database 'ci4'
CRITICAL - 2022-07-09 00:53:57 --> Unable to connect to the database.
Main connection [MySQLi]: Unknown database 'ci4'
#0 C:\xampp\htdocs\uaskas\ci4\system\Database\BaseConnection.php(577): CodeIgniter\Database\BaseConnection->initialize()
#1 C:\xampp\htdocs\uaskas\ci4\system\Database\BaseBuilder.php(1455): CodeIgniter\Database\BaseConnection->query('SELECT *\nFROM `...', Array, false)
#2 C:\xampp\htdocs\uaskas\ci4\system\Model.php(728): CodeIgniter\Database\BaseBuilder->get()
#3 C:\xampp\htdocs\uaskas\ci4\app\Models\PelayananModel.php(13): CodeIgniter\Model->__call('get', Array)
#4 C:\xampp\htdocs\uaskas\ci4\app\Controllers\Pelayanan.php(24): App\Models\PelayananModel->getPelayanan()
#5 C:\xampp\htdocs\uaskas\ci4\system\CodeIgniter.php(832): App\Controllers\Pelayanan->index()
#6 C:\xampp\htdocs\uaskas\ci4\system\CodeIgniter.php(419): CodeIgniter\CodeIgniter->runController(Object(App\Controllers\Pelayanan))
#7 C:\xampp\htdocs\uaskas\ci4\system\CodeIgniter.php(326): CodeIgniter\CodeIgniter->handleRequest(NULL, Object(Config\Cache), false)
#8 C:\xampp\htdocs\uaskas\ci4\public\index.php(37): CodeIgniter\CodeIgniter->run()
#9 C:\xampp\htdocs\uaskas\ci4\system\Commands\Server\rewrite.php(43): require_once('C:\\xampp\\htdocs...')
#10 {main}
ERROR - 2022-07-09 00:54:51 --> Error connecting to the database: Unknown database 'ci4'
CRITICAL - 2022-07-09 00:54:51 --> Unable to connect to the database.
Main connection [MySQLi]: Unknown database 'ci4'
#0 C:\xampp\htdocs\uaskas\ci4\system\Database\BaseConnection.php(577): CodeIgniter\Database\BaseConnection->initialize()
#1 C:\xampp\htdocs\uaskas\ci4\system\Database\BaseBuilder.php(1455): CodeIgniter\Database\BaseConnection->query('SELECT *\nFROM `...', Array, false)
#2 C:\xampp\htdocs\uaskas\ci4\system\Model.php(728): CodeIgniter\Database\BaseBuilder->get()
#3 C:\xampp\htdocs\uaskas\ci4\app\Models\PelayananModel.php(13): CodeIgniter\Model->__call('get', Array)
#4 C:\xampp\htdocs\uaskas\ci4\app\Controllers\Pelayanan.php(24): App\Models\PelayananModel->getPelayanan()
#5 C:\xampp\htdocs\uaskas\ci4\system\CodeIgniter.php(832): App\Controllers\Pelayanan->index()
#6 C:\xampp\htdocs\uaskas\ci4\system\CodeIgniter.php(419): CodeIgniter\CodeIgniter->runController(Object(App\Controllers\Pelayanan))
#7 C:\xampp\htdocs\uaskas\ci4\system\CodeIgniter.php(326): CodeIgniter\CodeIgniter->handleRequest(NULL, Object(Config\Cache), false)
#8 C:\xampp\htdocs\uaskas\ci4\public\index.php(37): CodeIgniter\CodeIgniter->run()
#9 C:\xampp\htdocs\uaskas\ci4\system\Commands\Server\rewrite.php(43): require_once('C:\\xampp\\htdocs...')
#10 {main}
ERROR - 2022-07-09 00:54:53 --> Error connecting to the database: Unknown database 'ci4'
CRITICAL - 2022-07-09 00:54:53 --> Unable to connect to the database.
Main connection [MySQLi]: Unknown database 'ci4'
#0 C:\xampp\htdocs\uaskas\ci4\system\Database\BaseConnection.php(577): CodeIgniter\Database\BaseConnection->initialize()
#1 C:\xampp\htdocs\uaskas\ci4\system\Database\BaseBuilder.php(1455): CodeIgniter\Database\BaseConnection->query('SELECT *\nFROM `...', Array, false)
#2 C:\xampp\htdocs\uaskas\ci4\system\Model.php(183): CodeIgniter\Database\BaseBuilder->get()
#3 C:\xampp\htdocs\uaskas\ci4\system\BaseModel.php(584): CodeIgniter\Model->doFindAll(0, 0)
#4 C:\xampp\htdocs\uaskas\ci4\app\Models\ModelsUpload.php(13): CodeIgniter\BaseModel->findAll()
#5 C:\xampp\htdocs\uaskas\ci4\app\Controllers\Upload.php(16): App\Models\ModelsUpload->getGambar()
#6 C:\xampp\htdocs\uaskas\ci4\system\CodeIgniter.php(832): App\Controllers\Upload->index()
#7 C:\xampp\htdocs\uaskas\ci4\system\CodeIgniter.php(419): CodeIgniter\CodeIgniter->runController(Object(App\Controllers\Upload))
#8 C:\xampp\htdocs\uaskas\ci4\system\CodeIgniter.php(326): CodeIgniter\CodeIgniter->handleRequest(NULL, Object(Config\Cache), false)
#9 C:\xampp\htdocs\uaskas\ci4\public\index.php(37): CodeIgniter\CodeIgniter->run()
#10 C:\xampp\htdocs\uaskas\ci4\system\Commands\Server\rewrite.php(43): require_once('C:\\xampp\\htdocs...')
#11 {main}
CRITICAL - 2022-07-09 00:57:17 --> Undefined variable $aa
#0 C:\xampp\htdocs\uaskas\ci4\app\Views\antrianno\index.php(29): CodeIgniter\Debug\Exceptions->errorHandler(2, 'Undefined varia...', 'C:\\xampp\\htdocs...', 29)
#1 C:\xampp\htdocs\uaskas\ci4\system\View\View.php(210): include('C:\\xampp\\htdocs...')
#2 C:\xampp\htdocs\uaskas\ci4\system\View\View.php(213): CodeIgniter\View\View->CodeIgniter\View\{closure}()
#3 C:\xampp\htdocs\uaskas\ci4\system\Common.php(1089): CodeIgniter\View\View->render('antrianno/index', Array, true)
#4 C:\xampp\htdocs\uaskas\ci4\app\Controllers\Antrianno.php(28): view('antrianno/index', Array)
#5 C:\xampp\htdocs\uaskas\ci4\system\CodeIgniter.php(832): App\Controllers\Antrianno->index()
#6 C:\xampp\htdocs\uaskas\ci4\system\CodeIgniter.php(419): CodeIgniter\CodeIgniter->runController(Object(App\Controllers\Antrianno))
#7 C:\xampp\htdocs\uaskas\ci4\system\CodeIgniter.php(326): CodeIgniter\CodeIgniter->handleRequest(NULL, Object(Config\Cache), false)
#8 C:\xampp\htdocs\uaskas\ci4\public\index.php(37): CodeIgniter\CodeIgniter->run()
#9 C:\xampp\htdocs\uaskas\ci4\system\Commands\Server\rewrite.php(43): require_once('C:\\xampp\\htdocs...')
#10 {main}
